#
# A fatal error has been detected by the Java Runtime Environment:
#
#  EXCEPTION_ACCESS_VIOLATION (0xc0000005) at pc=0x0000000074c6bd50, pid=2188, tid=36460
#
# JRE version: Java(TM) SE Runtime Environment (9.0+11) (build 9.0.1+11)
# Java VM: Java HotSpot(TM) 64-Bit Server VM (9.0.1+11, mixed mode, tiered, compressed oops, g1 gc, windows-amd64)
# Problematic frame:
# V  [jvm.dll+0x32bd50]
#
# No core dump will be written. Minidumps are not enabled by default on client versions of Windows
#
# If you would like to submit a bug report, please visit:
#   http://bugreport.java.com/bugreport/crash.jsp
#

---------------  S U M M A R Y ------------

Command Line: -agentlib:jdwp=transport=dt_socket,address=127.0.0.1:62236,suspend=y,server=n -Dfile.encoding=UTF-8 Q14503

Host: Intel(R) Core(TM) i5-5200U CPU @ 2.20GHz, 4 cores, 7G,  Windows 10 , 64 bit Build 16299 (10.0.16299.15)
Time: Wed Apr 11 20:31:28 2018 ¢¥eCN©öI¡¾©ö C¡ÍA¨ª¨öA elapsed time: 264 seconds (0d 0h 4m 24s)

---------------  T H R E A D  ---------------

Current thread (0x0000023dffce1800):  VMThread "VM Thread" [stack: 0x000000f3e5600000,0x000000f3e5700000] [id=36460]

Stack: [0x000000f3e5600000,0x000000f3e5700000],  sp=0x000000f3e56fe8f0,  free space=1018k
Native frames: (J=compiled Java code, j=interpreted, Vv=VM code, C=native code)
V  [jvm.dll+0x32bd50]
V  [jvm.dll+0x327708]
V  [jvm.dll+0x34200f]
V  [jvm.dll+0x34522d]
V  [jvm.dll+0x2968e0]
V  [jvm.dll+0x2969d9]
V  [jvm.dll+0x2f8671]
V  [jvm.dll+0x2f2f9e]
V  [jvm.dll+0x2f4f51]
V  [jvm.dll+0x2f654e]
V  [jvm.dll+0x2f3d05]
V  [jvm.dll+0x2f3173]
V  [jvm.dll+0x57845f]
V  [jvm.dll+0x57876c]
V  [jvm.dll+0x578613]
V  [jvm.dll+0x578e0c]
V  [jvm.dll+0x546f8a]
V  [jvm.dll+0x465261]
V  [jvm.dll+0x6a34eb]
V  [jvm.dll+0x6a1c85]
V  [jvm.dll+0x6a2461]
V  [jvm.dll+0x6a274c]
V  [jvm.dll+0x5864e0]
C  [msvcr120.dll+0x24f7f]
C  [msvcr120.dll+0x25126]
C  [KERNEL32.DLL+0x11fe4]
C  [ntdll.dll+0x6efc1]


siginfo: EXCEPTION_ACCESS_VIOLATION (0xc0000005), reading address 0xffffffffffffffff


Register to memory mapping:

RIP=0x0000000074c6bd50 jvm.dll
RAX=0x2f676e616c2f6176 is an unknown value
RBX=0x0000023dffce1800 is an unknown value
RCX=0x00000001000016d0 is pointing into metadata
RDX=0x2f676e616c2f6176 is an unknown value
RSP=0x000000f3e56fe8f0 is an unknown value
RBP=0x0000000000000003 is an unknown value
RSI=0x000000f3e56fe9b0 is an unknown value
RDI=0x0000000000000000 is an unknown value
R8 =0x0000023dffce1800 is an unknown value
R9 =0x2f676e616c2f6176 is an unknown value
R10=0x0000000000000073 is an unknown value
R11=0x0000000000000073 is an unknown value
R12=0x000000f3e56ff201 is an unknown value
R13=0x0000000000000000 is an unknown value
R14=0x000000000000004b is an unknown value
R15=0x0000000000000001 is an unknown value


Registers:
RAX=0x2f676e616c2f6176, RBX=0x0000023dffce1800, RCX=0x00000001000016d0, RDX=0x2f676e616c2f6176
RSP=0x000000f3e56fe8f0, RBP=0x0000000000000003, RSI=0x000000f3e56fe9b0, RDI=0x0000000000000000
R8 =0x0000023dffce1800, R9 =0x2f676e616c2f6176, R10=0x0000000000000073, R11=0x0000000000000073
R12=0x000000f3e56ff201, R13=0x0000000000000000, R14=0x000000000000004b, R15=0x0000000000000001
RIP=0x0000000074c6bd50, EFLAGS=0x0000000000010246

Top of Stack: (sp=0x000000f3e56fe8f0)
0x000000f3e56fe8f0:   00000001000016d0 0000000074f3fa38
0x000000f3e56fe900:   000000f3e56fe960 0000023dffce1800
0x000000f3e56fe910:   0000000000000000 0000000074c67708
0x000000f3e56fe920:   00000001000016d0 0000023dffce1800
0x000000f3e56fe930:   000000f3e56fe9b0 0000023dffce1800
0x000000f3e56fe940:   000000f3e56fea20 0000000074c8200f
0x000000f3e56fe950:   0000023dffce1800 0000000000000000
0x000000f3e56fe960:   00000000750dba20 0000023dff394058
0x000000f3e56fe970:   0000000000000938 0000023dff38c580
0x000000f3e56fe980:   000000f3e56fea20 0000000074c8522d
0x000000f3e56fe990:   0000000000000000 000000f3e56feb80
0x000000f3e56fe9a0:   000000000000004b 000000002fffffff
0x000000f3e56fe9b0:   0000000000000000 0000000000000000
0x000000f3e56fe9c0:   0000023dffce1800 000000f3e56feb80
0x000000f3e56fe9d0:   0000000000000000 0000000074bd68e0
0x000000f3e56fe9e0:   000000f3e56feb70 0000000000000001 

Instructions: (pc=0x0000000074c6bd50)
0x0000000074c6bd30:   8b d8 e8 c9 89 d8 ff 48 83 7b 08 00 4c 8b c8 74
0x0000000074c6bd40:   04 33 ff eb 23 80 3d c9 ac 62 00 00 74 05 33 ff
0x0000000074c6bd50:   89 78 0c 48 8d 4d fe 48 8d 78 10 48 85 c9 74 05
0x0000000074c6bd60:   33 c0 f3 48 ab 49 8b f9 48 83 7b 08 00 48 8b 74 


VM_Operation (0x000000f3e61ff670): GetOrSetLocal, mode: safepoint, requested by thread 0x0000023d95096800


---------------  P R O C E S S  ---------------

Java Threads: ( => current thread )
  0x0000023d950bd000 JavaThread "Service Thread" daemon [_thread_blocked, id=34116, stack(0x000000f3e6400000,0x000000f3e6500000)]
  0x0000023d950a8000 JavaThread "JDWP Command Reader" daemon [_thread_in_native, id=8608, stack(0x000000f3e6300000,0x000000f3e6400000)]
  0x0000023d95098000 JavaThread "JDWP Event Helper Thread" daemon [_thread_blocked, id=2892, stack(0x000000f3e6200000,0x000000f3e6300000)]
  0x0000023d95096800 JavaThread "JDWP Transport Listener: dt_socket" daemon [_thread_blocked, id=16504, stack(0x000000f3e6100000,0x000000f3e6200000)]
  0x0000023dffe08000 JavaThread "Common-Cleaner" daemon [_thread_blocked, id=33264, stack(0x000000f3e6000000,0x000000f3e6100000)]
  0x0000023dffdd0000 JavaThread "Sweeper thread" daemon [_thread_blocked, id=26128, stack(0x000000f3e5f00000,0x000000f3e6000000)]
  0x0000023dffcf2000 JavaThread "C1 CompilerThread2" daemon [_thread_blocked, id=43324, stack(0x000000f3e5e00000,0x000000f3e5f00000)]
  0x0000023dffcf1000 JavaThread "C2 CompilerThread1" daemon [_thread_blocked, id=44976, stack(0x000000f3e5d00000,0x000000f3e5e00000)]
  0x0000023dffd5d000 JavaThread "C2 CompilerThread0" daemon [_thread_blocked, id=27664, stack(0x000000f3e5c00000,0x000000f3e5d00000)]
  0x0000023dffd5c000 JavaThread "Attach Listener" daemon [_thread_blocked, id=24440, stack(0x000000f3e5b00000,0x000000f3e5c00000)]
  0x0000023dffd59000 JavaThread "Signal Dispatcher" daemon [_thread_blocked, id=40052, stack(0x000000f3e5a00000,0x000000f3e5b00000)]
  0x0000023dffcf8800 JavaThread "Finalizer" daemon [_thread_blocked, id=21904, stack(0x000000f3e5800000,0x000000f3e5900000)]
  0x0000023dffcf6800 JavaThread "Reference Handler" daemon [_thread_blocked, id=9408, stack(0x000000f3e5700000,0x000000f3e5800000)]
  0x0000023df15bd800 JavaThread "main" [_thread_blocked, id=32816, stack(0x000000f3e4a00000,0x000000f3e4b00000)]

Other Threads:
=>0x0000023dffce1800 VMThread "VM Thread" [stack: 0x000000f3e5600000,0x000000f3e5700000] [id=36460]
  0x0000023d950c7800 WatcherThread [stack: 0x000000f3e6500000,0x000000f3e6600000] [id=48764]
  0x0000023df15d4000 GCTaskThread "GC Thread#0" [stack: 0x000000f3e4b00000,0x000000f3e4c00000] [id=12864]
  0x0000023df15d6000 GCTaskThread "GC Thread#1" [stack: 0x000000f3e4c00000,0x000000f3e4d00000] [id=5220]
  0x0000023df15d7800 GCTaskThread "GC Thread#2" [stack: 0x000000f3e4d00000,0x000000f3e4e00000] [id=35288]
  0x0000023df15d8800 GCTaskThread "GC Thread#3" [stack: 0x000000f3e4e00000,0x000000f3e4f00000] [id=29236]
  0x0000023df1648800 ConcurrentGCThread "G1 Main Marker" [stack: 0x000000f3e5400000,0x000000f3e5500000] [id=47972]
  0x0000023df164d000 ConcurrentGCThread "G1 Marker#0" [stack: 0x000000f3e5500000,0x000000f3e5600000] [id=46608]
  0x0000023df15e1000 ConcurrentGCThread "G1 Refine#0" [stack: 0x000000f3e5200000,0x000000f3e5300000] [id=13100]
  0x0000023df15e0000 ConcurrentGCThread "G1 Refine#1" [stack: 0x000000f3e5100000,0x000000f3e5200000] [id=3628]
  0x0000023df15dd800 ConcurrentGCThread "G1 Refine#2" [stack: 0x000000f3e5000000,0x000000f3e5100000] [id=35184]
  0x0000023df15dc800 ConcurrentGCThread "G1 Refine#3" [stack: 0x000000f3e4f00000,0x000000f3e5000000] [id=42564]
  0x0000023df15e2800 ConcurrentGCThread "G1 Young RemSet Sampling" [stack: 0x000000f3e5300000,0x000000f3e5400000] [id=36620]

Threads with active compile tasks:

VM state:at safepoint (normal execution)

VM Mutex/Monitor currently owned by a thread:  ([mutex/lock_event])
[0x0000023df15bc8d0] Threads_lock - owner thread: 0x0000023dffce1800

Heap address: 0x0000000081400000, size: 2028 MB, Compressed Oops mode: 32-bit
Narrow klass base: 0x0000000000000000, Narrow klass shift: 3
Compressed class space size: 1073741824 Address: 0x0000000100000000

Heap:
 garbage-first heap   total 131072K, used 2048K [0x0000000081400000, 0x0000000081500400, 0x0000000100000000)
  region size 1024K, 3 young (3072K), 0 survivors (0K)
 Metaspace       used 6273K, capacity 6462K, committed 6528K, reserved 1056768K
  class space    used 539K, capacity 581K, committed 640K, reserved 1048576K
Heap Regions: E=young(eden), S=young(survivor), O=old, HS=humongous(starts), HC=humongous(continues), CS=collection set, F=free, A=archive, TS=gc time stamp, AC=allocation context, TAMS=top-at-mark-start (previous, next)
|   0|0x0000000081400000, 0x0000000081400000, 0x0000000081500000|  0%| F|  |TS  0|AC  0|TAMS 0x0000000081400000, 0x0000000081400000|
|   1|0x0000000081500000, 0x0000000081500000, 0x0000000081600000|  0%| F|  |TS  0|AC  0|TAMS 0x0000000081500000, 0x0000000081500000|
|   2|0x0000000081600000, 0x0000000081600000, 0x0000000081700000|  0%| F|  |TS  0|AC  0|TAMS 0x0000000081600000, 0x0000000081600000|
|   3|0x0000000081700000, 0x0000000081700000, 0x0000000081800000|  0%| F|  |TS  0|AC  0|TAMS 0x0000000081700000, 0x0000000081700000|
|   4|0x0000000081800000, 0x0000000081800000, 0x0000000081900000|  0%| F|  |TS  0|AC  0|TAMS 0x0000000081800000, 0x0000000081800000|
|   5|0x0000000081900000, 0x0000000081900000, 0x0000000081a00000|  0%| F|  |TS  0|AC  0|TAMS 0x0000000081900000, 0x0000000081900000|
|   6|0x0000000081a00000, 0x0000000081a00000, 0x0000000081b00000|  0%| F|  |TS  0|AC  0|TAMS 0x0000000081a00000, 0x0000000081a00000|
|   7|0x0000000081b00000, 0x0000000081b00000, 0x0000000081c00000|  0%| F|  |TS  0|AC  0|TAMS 0x0000000081b00000, 0x0000000081b00000|
|   8|0x0000000081c00000, 0x0000000081c00000, 0x0000000081d00000|  0%| F|  |TS  0|AC  0|TAMS 0x0000000081c00000, 0x0000000081c00000|
|   9|0x0000000081d00000, 0x0000000081d00000, 0x0000000081e00000|  0%| F|  |TS  0|AC  0|TAMS 0x0000000081d00000, 0x0000000081d00000|
|  10|0x0000000081e00000, 0x0000000081e00000, 0x0000000081f00000|  0%| F|  |TS  0|AC  0|TAMS 0x0000000081e00000, 0x0000000081e00000|
|  11|0x0000000081f00000, 0x0000000081f00000, 0x0000000082000000|  0%| F|  |TS  0|AC  0|TAMS 0x0000000081f00000, 0x0000000081f00000|
|  12|0x0000000082000000, 0x0000000082000000, 0x0000000082100000|  0%| F|  |TS  0|AC  0|TAMS 0x0000000082000000, 0x0000000082000000|
|  13|0x0000000082100000, 0x0000000082100000, 0x0000000082200000|  0%| F|  |TS  0|AC  0|TAMS 0x0000000082100000, 0x0000000082100000|
|  14|0x0000000082200000, 0x0000000082200000, 0x0000000082300000|  0%| F|  |TS  0|AC  0|TAMS 0x0000000082200000, 0x0000000082200000|
|  15|0x0000000082300000, 0x0000000082300000, 0x0000000082400000|  0%| F|  |TS  0|AC  0|TAMS 0x0000000082300000, 0x0000000082300000|
|  16|0x0000000082400000, 0x0000000082400000, 0x0000000082500000|  0%| F|  |TS  0|AC  0|TAMS 0x0000000082400000, 0x0000000082400000|
|  17|0x0000000082500000, 0x0000000082500000, 0x0000000082600000|  0%| F|  |TS  0|AC  0|TAMS 0x0000000082500000, 0x0000000082500000|
|  18|0x0000000082600000, 0x0000000082600000, 0x0000000082700000|  0%| F|  |TS  0|AC  0|TAMS 0x0000000082600000, 0x0000000082600000|
|  19|0x0000000082700000, 0x0000000082700000, 0x0000000082800000|  0%| F|  |TS  0|AC  0|TAMS 0x0000000082700000, 0x0000000082700000|
|  20|0x0000000082800000, 0x0000000082800000, 0x0000000082900000|  0%| F|  |TS  0|AC  0|TAMS 0x0000000082800000, 0x0000000082800000|
|  21|0x0000000082900000, 0x0000000082900000, 0x0000000082a00000|  0%| F|  |TS  0|AC  0|TAMS 0x0000000082900000, 0x0000000082900000|
|  22|0x0000000082a00000, 0x0000000082a00000, 0x0000000082b00000|  0%| F|  |TS  0|AC  0|TAMS 0x0000000082a00000, 0x0000000082a00000|
|  23|0x0000000082b00000, 0x0000000082b00000, 0x0000000082c00000|  0%| F|  |TS  0|AC  0|TAMS 0x0000000082b00000, 0x0000000082b00000|
|  24|0x0000000082c00000, 0x0000000082c00000, 0x0000000082d00000|  0%| F|  |TS  0|AC  0|TAMS 0x0000000082c00000, 0x0000000082c00000|
|  25|0x0000000082d00000, 0x0000000082d00000, 0x0000000082e00000|  0%| F|  |TS  0|AC  0|TAMS 0x0000000082d00000, 0x0000000082d00000|
|  26|0x0000000082e00000, 0x0000000082e00000, 0x0000000082f00000|  0%| F|  |TS  0|AC  0|TAMS 0x0000000082e00000, 0x0000000082e00000|
|  27|0x0000000082f00000, 0x0000000082f00000, 0x0000000083000000|  0%| F|  |TS  0|AC  0|TAMS 0x0000000082f00000, 0x0000000082f00000|
|  28|0x0000000083000000, 0x0000000083000000, 0x0000000083100000|  0%| F|  |TS  0|AC  0|TAMS 0x0000000083000000, 0x0000000083000000|
|  29|0x0000000083100000, 0x0000000083100000, 0x0000000083200000|  0%| F|  |TS  0|AC  0|TAMS 0x0000000083100000, 0x0000000083100000|
|  30|0x0000000083200000, 0x0000000083200000, 0x0000000083300000|  0%| F|  |TS  0|AC  0|TAMS 0x0000000083200000, 0x0000000083200000|
|  31|0x0000000083300000, 0x0000000083300000, 0x0000000083400000|  0%| F|  |TS  0|AC  0|TAMS 0x0000000083300000, 0x0000000083300000|
|  32|0x0000000083400000, 0x0000000083400000, 0x0000000083500000|  0%| F|  |TS  0|AC  0|TAMS 0x0000000083400000, 0x0000000083400000|
|  33|0x0000000083500000, 0x0000000083500000, 0x0000000083600000|  0%| F|  |TS  0|AC  0|TAMS 0x0000000083500000, 0x0000000083500000|
|  34|0x0000000083600000, 0x0000000083600000, 0x0000000083700000|  0%| F|  |TS  0|AC  0|TAMS 0x0000000083600000, 0x0000000083600000|
|  35|0x0000000083700000, 0x0000000083700000, 0x0000000083800000|  0%| F|  |TS  0|AC  0|TAMS 0x0000000083700000, 0x0000000083700000|
|  36|0x0000000083800000, 0x0000000083800000, 0x0000000083900000|  0%| F|  |TS  0|AC  0|TAMS 0x0000000083800000, 0x0000000083800000|
|  37|0x0000000083900000, 0x0000000083900000, 0x0000000083a00000|  0%| F|  |TS  0|AC  0|TAMS 0x0000000083900000, 0x0000000083900000|
|  38|0x0000000083a00000, 0x0000000083a00000, 0x0000000083b00000|  0%| F|  |TS  0|AC  0|TAMS 0x0000000083a00000, 0x0000000083a00000|
|  39|0x0000000083b00000, 0x0000000083b00000, 0x0000000083c00000|  0%| F|  |TS  0|AC  0|TAMS 0x0000000083b00000, 0x0000000083b00000|
|  40|0x0000000083c00000, 0x0000000083c00000, 0x0000000083d00000|  0%| F|  |TS  0|AC  0|TAMS 0x0000000083c00000, 0x0000000083c00000|
|  41|0x0000000083d00000, 0x0000000083d00000, 0x0000000083e00000|  0%| F|  |TS  0|AC  0|TAMS 0x0000000083d00000, 0x0000000083d00000|
|  42|0x0000000083e00000, 0x0000000083e00000, 0x0000000083f00000|  0%| F|  |TS  0|AC  0|TAMS 0x0000000083e00000, 0x0000000083e00000|
|  43|0x0000000083f00000, 0x0000000083f00000, 0x0000000084000000|  0%| F|  |TS  0|AC  0|TAMS 0x0000000083f00000, 0x0000000083f00000|
|  44|0x0000000084000000, 0x0000000084000000, 0x0000000084100000|  0%| F|  |TS  0|AC  0|TAMS 0x0000000084000000, 0x0000000084000000|
|  45|0x0000000084100000, 0x0000000084100000, 0x0000000084200000|  0%| F|  |TS  0|AC  0|TAMS 0x0000000084100000, 0x0000000084100000|
|  46|0x0000000084200000, 0x0000000084200000, 0x0000000084300000|  0%| F|  |TS  0|AC  0|TAMS 0x0000000084200000, 0x0000000084200000|
|  47|0x0000000084300000, 0x0000000084300000, 0x0000000084400000|  0%| F|  |TS  0|AC  0|TAMS 0x0000000084300000, 0x0000000084300000|
|  48|0x0000000084400000, 0x0000000084400000, 0x0000000084500000|  0%| F|  |TS  0|AC  0|TAMS 0x0000000084400000, 0x0000000084400000|
|  49|0x0000000084500000, 0x0000000084500000, 0x0000000084600000|  0%| F|  |TS  0|AC  0|TAMS 0x0000000084500000, 0x0000000084500000|
|  50|0x0000000084600000, 0x0000000084600000, 0x0000000084700000|  0%| F|  |TS  0|AC  0|TAMS 0x0000000084600000, 0x0000000084600000|
|  51|0x0000000084700000, 0x0000000084700000, 0x0000000084800000|  0%| F|  |TS  0|AC  0|TAMS 0x0000000084700000, 0x0000000084700000|
|  52|0x0000000084800000, 0x0000000084800000, 0x0000000084900000|  0%| F|  |TS  0|AC  0|TAMS 0x0000000084800000, 0x0000000084800000|
|  53|0x0000000084900000, 0x0000000084900000, 0x0000000084a00000|  0%| F|  |TS  0|AC  0|TAMS 0x0000000084900000, 0x0000000084900000|
|  54|0x0000000084a00000, 0x0000000084a00000, 0x0000000084b00000|  0%| F|  |TS  0|AC  0|TAMS 0x0000000084a00000, 0x0000000084a00000|
|  55|0x0000000084b00000, 0x0000000084b00000, 0x0000000084c00000|  0%| F|  |TS  0|AC  0|TAMS 0x0000000084b00000, 0x0000000084b00000|
|  56|0x0000000084c00000, 0x0000000084c00000, 0x0000000084d00000|  0%| F|  |TS  0|AC  0|TAMS 0x0000000084c00000, 0x0000000084c00000|
|  57|0x0000000084d00000, 0x0000000084d00000, 0x0000000084e00000|  0%| F|  |TS  0|AC  0|TAMS 0x0000000084d00000, 0x0000000084d00000|
|  58|0x0000000084e00000, 0x0000000084e00000, 0x0000000084f00000|  0%| F|  |TS  0|AC  0|TAMS 0x0000000084e00000, 0x0000000084e00000|
|  59|0x0000000084f00000, 0x0000000084f00000, 0x0000000085000000|  0%| F|  |TS  0|AC  0|TAMS 0x0000000084f00000, 0x0000000084f00000|
|  60|0x0000000085000000, 0x0000000085000000, 0x0000000085100000|  0%| F|  |TS  0|AC  0|TAMS 0x0000000085000000, 0x0000000085000000|
|  61|0x0000000085100000, 0x0000000085100000, 0x0000000085200000|  0%| F|  |TS  0|AC  0|TAMS 0x0000000085100000, 0x0000000085100000|
|  62|0x0000000085200000, 0x0000000085200000, 0x0000000085300000|  0%| F|  |TS  0|AC  0|TAMS 0x0000000085200000, 0x0000000085200000|
|  63|0x0000000085300000, 0x0000000085300000, 0x0000000085400000|  0%| F|  |TS  0|AC  0|TAMS 0x0000000085300000, 0x0000000085300000|
|  64|0x0000000085400000, 0x0000000085400000, 0x0000000085500000|  0%| F|  |TS  0|AC  0|TAMS 0x0000000085400000, 0x0000000085400000|
|  65|0x0000000085500000, 0x0000000085500000, 0x0000000085600000|  0%| F|  |TS  0|AC  0|TAMS 0x0000000085500000, 0x0000000085500000|
|  66|0x0000000085600000, 0x0000000085600000, 0x0000000085700000|  0%| F|  |TS  0|AC  0|TAMS 0x0000000085600000, 0x0000000085600000|
|  67|0x0000000085700000, 0x0000000085700000, 0x0000000085800000|  0%| F|  |TS  0|AC  0|TAMS 0x0000000085700000, 0x0000000085700000|
|  68|0x0000000085800000, 0x0000000085800000, 0x0000000085900000|  0%| F|  |TS  0|AC  0|TAMS 0x0000000085800000, 0x0000000085800000|
|  69|0x0000000085900000, 0x0000000085900000, 0x0000000085a00000|  0%| F|  |TS  0|AC  0|TAMS 0x0000000085900000, 0x0000000085900000|
|  70|0x0000000085a00000, 0x0000000085a00000, 0x0000000085b00000|  0%| F|  |TS  0|AC  0|TAMS 0x0000000085a00000, 0x0000000085a00000|
|  71|0x0000000085b00000, 0x0000000085b00000, 0x0000000085c00000|  0%| F|  |TS  0|AC  0|TAMS 0x0000000085b00000, 0x0000000085b00000|
|  72|0x0000000085c00000, 0x0000000085c00000, 0x0000000085d00000|  0%| F|  |TS  0|AC  0|TAMS 0x0000000085c00000, 0x0000000085c00000|
|  73|0x0000000085d00000, 0x0000000085d00000, 0x0000000085e00000|  0%| F|  |TS  0|AC  0|TAMS 0x0000000085d00000, 0x0000000085d00000|
|  74|0x0000000085e00000, 0x0000000085e00000, 0x0000000085f00000|  0%| F|  |TS  0|AC  0|TAMS 0x0000000085e00000, 0x0000000085e00000|
|  75|0x0000000085f00000, 0x0000000085f00000, 0x0000000086000000|  0%| F|  |TS  0|AC  0|TAMS 0x0000000085f00000, 0x0000000085f00000|
|  76|0x0000000086000000, 0x0000000086000000, 0x0000000086100000|  0%| F|  |TS  0|AC  0|TAMS 0x0000000086000000, 0x0000000086000000|
|  77|0x0000000086100000, 0x0000000086100000, 0x0000000086200000|  0%| F|  |TS  0|AC  0|TAMS 0x0000000086100000, 0x0000000086100000|
|  78|0x0000000086200000, 0x0000000086200000, 0x0000000086300000|  0%| F|  |TS  0|AC  0|TAMS 0x0000000086200000, 0x0000000086200000|
|  79|0x0000000086300000, 0x0000000086300000, 0x0000000086400000|  0%| F|  |TS  0|AC  0|TAMS 0x0000000086300000, 0x0000000086300000|
|  80|0x0000000086400000, 0x0000000086400000, 0x0000000086500000|  0%| F|  |TS  0|AC  0|TAMS 0x0000000086400000, 0x0000000086400000|
|  81|0x0000000086500000, 0x0000000086500000, 0x0000000086600000|  0%| F|  |TS  0|AC  0|TAMS 0x0000000086500000, 0x0000000086500000|
|  82|0x0000000086600000, 0x0000000086600000, 0x0000000086700000|  0%| F|  |TS  0|AC  0|TAMS 0x0000000086600000, 0x0000000086600000|
|  83|0x0000000086700000, 0x0000000086700000, 0x0000000086800000|  0%| F|  |TS  0|AC  0|TAMS 0x0000000086700000, 0x0000000086700000|
|  84|0x0000000086800000, 0x0000000086800000, 0x0000000086900000|  0%| F|  |TS  0|AC  0|TAMS 0x0000000086800000, 0x0000000086800000|
|  85|0x0000000086900000, 0x0000000086900000, 0x0000000086a00000|  0%| F|  |TS  0|AC  0|TAMS 0x0000000086900000, 0x0000000086900000|
|  86|0x0000000086a00000, 0x0000000086a00000, 0x0000000086b00000|  0%| F|  |TS  0|AC  0|TAMS 0x0000000086a00000, 0x0000000086a00000|
|  87|0x0000000086b00000, 0x0000000086b00000, 0x0000000086c00000|  0%| F|  |TS  0|AC  0|TAMS 0x0000000086b00000, 0x0000000086b00000|
|  88|0x0000000086c00000, 0x0000000086c00000, 0x0000000086d00000|  0%| F|  |TS  0|AC  0|TAMS 0x0000000086c00000, 0x0000000086c00000|
|  89|0x0000000086d00000, 0x0000000086d00000, 0x0000000086e00000|  0%| F|  |TS  0|AC  0|TAMS 0x0000000086d00000, 0x0000000086d00000|
|  90|0x0000000086e00000, 0x0000000086e00000, 0x0000000086f00000|  0%| F|  |TS  0|AC  0|TAMS 0x0000000086e00000, 0x0000000086e00000|
|  91|0x0000000086f00000, 0x0000000086f00000, 0x0000000087000000|  0%| F|  |TS  0|AC  0|TAMS 0x0000000086f00000, 0x0000000086f00000|
|  92|0x0000000087000000, 0x0000000087000000, 0x0000000087100000|  0%| F|  |TS  0|AC  0|TAMS 0x0000000087000000, 0x0000000087000000|
|  93|0x0000000087100000, 0x0000000087100000, 0x0000000087200000|  0%| F|  |TS  0|AC  0|TAMS 0x0000000087100000, 0x0000000087100000|
|  94|0x0000000087200000, 0x0000000087200000, 0x0000000087300000|  0%| F|  |TS  0|AC  0|TAMS 0x0000000087200000, 0x0000000087200000|
|  95|0x0000000087300000, 0x0000000087300000, 0x0000000087400000|  0%| F|  |TS  0|AC  0|TAMS 0x0000000087300000, 0x0000000087300000|
|  96|0x0000000087400000, 0x0000000087400000, 0x0000000087500000|  0%| F|  |TS  0|AC  0|TAMS 0x0000000087400000, 0x0000000087400000|
|  97|0x0000000087500000, 0x0000000087500000, 0x0000000087600000|  0%| F|  |TS  0|AC  0|TAMS 0x0000000087500000, 0x0000000087500000|
|  98|0x0000000087600000, 0x0000000087600000, 0x0000000087700000|  0%| F|  |TS  0|AC  0|TAMS 0x0000000087600000, 0x0000000087600000|
|  99|0x0000000087700000, 0x0000000087700000, 0x0000000087800000|  0%| F|  |TS  0|AC  0|TAMS 0x0000000087700000, 0x0000000087700000|
| 100|0x0000000087800000, 0x0000000087800000, 0x0000000087900000|  0%| F|  |TS  0|AC  0|TAMS 0x0000000087800000, 0x0000000087800000|
| 101|0x0000000087900000, 0x0000000087900000, 0x0000000087a00000|  0%| F|  |TS  0|AC  0|TAMS 0x0000000087900000, 0x0000000087900000|
| 102|0x0000000087a00000, 0x0000000087a00000, 0x0000000087b00000|  0%| F|  |TS  0|AC  0|TAMS 0x0000000087a00000, 0x0000000087a00000|
| 103|0x0000000087b00000, 0x0000000087b00000, 0x0000000087c00000|  0%| F|  |TS  0|AC  0|TAMS 0x0000000087b00000, 0x0000000087b00000|
| 104|0x0000000087c00000, 0x0000000087c00000, 0x0000000087d00000|  0%| F|  |TS  0|AC  0|TAMS 0x0000000087c00000, 0x0000000087c00000|
| 105|0x0000000087d00000, 0x0000000087d00000, 0x0000000087e00000|  0%| F|  |TS  0|AC  0|TAMS 0x0000000087d00000, 0x0000000087d00000|
| 106|0x0000000087e00000, 0x0000000087e00000, 0x0000000087f00000|  0%| F|  |TS  0|AC  0|TAMS 0x0000000087e00000, 0x0000000087e00000|
| 107|0x0000000087f00000, 0x0000000087f00000, 0x0000000088000000|  0%| F|  |TS  0|AC  0|TAMS 0x0000000087f00000, 0x0000000087f00000|
| 108|0x0000000088000000, 0x0000000088000000, 0x0000000088100000|  0%| F|  |TS  0|AC  0|TAMS 0x0000000088000000, 0x0000000088000000|
| 109|0x0000000088100000, 0x0000000088100000, 0x0000000088200000|  0%| F|  |TS  0|AC  0|TAMS 0x0000000088100000, 0x0000000088100000|
| 110|0x0000000088200000, 0x0000000088200000, 0x0000000088300000|  0%| F|  |TS  0|AC  0|TAMS 0x0000000088200000, 0x0000000088200000|
| 111|0x0000000088300000, 0x0000000088300000, 0x0000000088400000|  0%| F|  |TS  0|AC  0|TAMS 0x0000000088300000, 0x0000000088300000|
| 112|0x0000000088400000, 0x0000000088400000, 0x0000000088500000|  0%| F|  |TS  0|AC  0|TAMS 0x0000000088400000, 0x0000000088400000|
| 113|0x0000000088500000, 0x0000000088500000, 0x0000000088600000|  0%| F|  |TS  0|AC  0|TAMS 0x0000000088500000, 0x0000000088500000|
| 114|0x0000000088600000, 0x0000000088600000, 0x0000000088700000|  0%| F|  |TS  0|AC  0|TAMS 0x0000000088600000, 0x0000000088600000|
| 115|0x0000000088700000, 0x0000000088700000, 0x0000000088800000|  0%| F|  |TS  0|AC  0|TAMS 0x0000000088700000, 0x0000000088700000|
| 116|0x0000000088800000, 0x0000000088800000, 0x0000000088900000|  0%| F|  |TS  0|AC  0|TAMS 0x0000000088800000, 0x0000000088800000|
| 117|0x0000000088900000, 0x0000000088900000, 0x0000000088a00000|  0%| F|  |TS  0|AC  0|TAMS 0x0000000088900000, 0x0000000088900000|
| 118|0x0000000088a00000, 0x0000000088a00000, 0x0000000088b00000|  0%| F|  |TS  0|AC  0|TAMS 0x0000000088a00000, 0x0000000088a00000|
| 119|0x0000000088b00000, 0x0000000088b00000, 0x0000000088c00000|  0%| F|  |TS  0|AC  0|TAMS 0x0000000088b00000, 0x0000000088b00000|
| 120|0x0000000088c00000, 0x0000000088c00000, 0x0000000088d00000|  0%| F|  |TS  0|AC  0|TAMS 0x0000000088c00000, 0x0000000088c00000|
| 121|0x0000000088d00000, 0x0000000088d00000, 0x0000000088e00000|  0%| F|  |TS  0|AC  0|TAMS 0x0000000088d00000, 0x0000000088d00000|
| 122|0x0000000088e00000, 0x0000000088e00000, 0x0000000088f00000|  0%| F|  |TS  0|AC  0|TAMS 0x0000000088e00000, 0x0000000088e00000|
| 123|0x0000000088f00000, 0x0000000088f00000, 0x0000000089000000|  0%| F|  |TS  0|AC  0|TAMS 0x0000000088f00000, 0x0000000088f00000|
| 124|0x0000000089000000, 0x0000000089000000, 0x0000000089100000|  0%| F|  |TS  0|AC  0|TAMS 0x0000000089000000, 0x0000000089000000|
| 125|0x0000000089100000, 0x00000000891d8108, 0x0000000089200000| 84%| E|  |TS  0|AC  0|TAMS 0x0000000089100000, 0x0000000089100000|
| 126|0x0000000089200000, 0x0000000089300000, 0x0000000089300000|100%| E|CS|TS  0|AC  0|TAMS 0x0000000089200000, 0x0000000089200000|
| 127|0x0000000089300000, 0x0000000089400000, 0x0000000089400000|100%| E|CS|TS  0|AC  0|TAMS 0x0000000089300000, 0x0000000089300000|

Card table byte_map: [0x0000023dfe650000,0x0000023dfea50000] byte_map_base: 0x0000023dfe246000

Marking Bits (Prev, Next): (CMBitMap*) 0x0000023df1647fd0, (CMBitMap*) 0x0000023df1648008
 Prev Bits: [0x0000023d8f000000, 0x0000023d90fb0000)
 Next Bits: [0x0000023d90fb0000, 0x0000023d92f60000)

Polling page: 0x0000023def3e0000

CodeHeap 'non-profiled nmethods': size=120064Kb used=81Kb max_used=81Kb free=119983Kb
 bounds [0x0000023d87ac0000, 0x0000023d87d30000, 0x0000023d8f000000]
CodeHeap 'profiled nmethods': size=120000Kb used=423Kb max_used=423Kb free=119576Kb
 bounds [0x0000023d80590000, 0x0000023d80800000, 0x0000023d87ac0000]
CodeHeap 'non-nmethods': size=5696Kb used=1182Kb max_used=1194Kb free=4513Kb
 bounds [0x0000023d80000000, 0x0000023d80270000, 0x0000023d80590000]
 total_blobs=691 nmethods=308 adapters=232
 compilation: enabled

Compilation events (10 events):
Event: 5.501 Thread 0x0000023dffcf2000  304       3       java.nio.CharBuffer::<init> (22 bytes)
Event: 5.501 Thread 0x0000023dffcf2000 nmethod 304 0x0000023d805f8910 code [0x0000023d805f8ac0, 0x0000023d805f8cf0]
Event: 5.502 Thread 0x0000023dffcf2000  305       3       java.nio.Buffer::position (55 bytes)
Event: 5.502 Thread 0x0000023dffcf1000  306       4       java.lang.String::length (11 bytes)
Event: 5.502 Thread 0x0000023dffcf2000 nmethod 305 0x0000023d805f8d90 code [0x0000023d805f8f60, 0x0000023d805f9250]
Event: 5.502 Thread 0x0000023dffcf2000  307       3       java.nio.ByteBuffer::arrayOffset (35 bytes)
Event: 5.502 Thread 0x0000023dffcf2000 nmethod 307 0x0000023d805f9310 code [0x0000023d805f9500, 0x0000023d805f9800]
Event: 5.502 Thread 0x0000023dffcf2000  308       3       java.nio.CharBuffer::arrayOffset (35 bytes)
Event: 5.502 Thread 0x0000023dffcf2000 nmethod 308 0x0000023d805f9910 code [0x0000023d805f9b00, 0x0000023d805f9e00]
Event: 5.503 Thread 0x0000023dffcf1000 nmethod 306 0x0000023d87ad4110 code [0x0000023d87ad42a0, 0x0000023d87ad4338]

GC Heap History (0 events):
No events

Deoptimization events (1 events):
Event: 2.427 Thread 0x0000023df15bd800 Uncommon trap: reason=unstable_if action=reinterpret pc=0x0000023d87acd97c method=java.lang.String.charAt(I)C @ 4 c2

Classes redefined (2 events):
Event: 193.381 Thread 0x0000023dffce1800 redefined class name=Q14503, count=1
Event: 264.051 Thread 0x0000023dffce1800 redefined class name=Q14503, count=2

Internal exceptions (2 events):
Event: 2.214 Thread 0x0000023df15bd800 Exception <a 'java/lang/NoSuchMethodError'{0x000000008914d1f0}: java.lang.Object.lambda$negate$3(I)Z> (0x000000008914d1f0) thrown at [t:/workspace/hotspot/src/share/vm/interpreter/linkResolver.cpp, line 731]
Event: 2.217 Thread 0x0000023df15bd800 Exception <a 'java/lang/NoSuchMethodError'{0x0000000089150640}: java.lang.Object.lambda$and$0(Ljava/util/regex/Pattern$CharPredicate;I)Z> (0x0000000089150640) thrown at [t:/workspace/hotspot/src/share/vm/interpreter/linkResolver.cpp, line 731]

Events (10 events):
Event: 264.060 Executing VM operation: ChangeBreakpoints done
Event: 264.161 Executing VM operation: GetFrameCount
Event: 264.162 Executing VM operation: GetFrameCount done
Event: 264.162 Executing VM operation: GetFrameLocation
Event: 264.162 Executing VM operation: GetFrameLocation done
Event: 264.163 Executing VM operation: GetFrameCount
Event: 264.163 Executing VM operation: GetFrameCount done
Event: 264.163 Executing VM operation: GetFrameLocation
Event: 264.163 Executing VM operation: GetFrameLocation done
Event: 264.225 Executing VM operation: GetOrSetLocal


Dynamic libraries:
0x00007ff6b7fa0000 - 0x00007ff6b7fde000 	C:\Program Files\Java\jdk-9.0.1\bin\java.exe
0x00007ffb37080000 - 0x00007ffb37260000 	C:\WINDOWS\SYSTEM32\ntdll.dll
0x00007ffb35210000 - 0x00007ffb352be000 	C:\WINDOWS\System32\KERNEL32.DLL
0x00007ffb340b0000 - 0x00007ffb34316000 	C:\WINDOWS\System32\KERNELBASE.dll
0x00007ffb34d70000 - 0x00007ffb34e11000 	C:\WINDOWS\System32\ADVAPI32.dll
0x00007ffb36f60000 - 0x00007ffb36ffd000 	C:\WINDOWS\System32\msvcrt.dll
0x00007ffb353b0000 - 0x00007ffb3540b000 	C:\WINDOWS\System32\sechost.dll
0x00007ffb36e40000 - 0x00007ffb36f5f000 	C:\WINDOWS\System32\RPCRT4.dll
0x00007ffb34be0000 - 0x00007ffb34d6f000 	C:\WINDOWS\System32\USER32.dll
0x00007ffb34040000 - 0x00007ffb34060000 	C:\WINDOWS\System32\win32u.dll
0x00007ffb37020000 - 0x00007ffb37048000 	C:\WINDOWS\System32\GDI32.dll
0x00007ffb33520000 - 0x00007ffb336b3000 	C:\WINDOWS\System32\gdi32full.dll
0x00007ffb33480000 - 0x00007ffb3351b000 	C:\WINDOWS\System32\msvcp_win.dll
0x00007ffb33e90000 - 0x00007ffb33f86000 	C:\WINDOWS\System32\ucrtbase.dll
0x00007ffb293b0000 - 0x00007ffb29619000 	C:\WINDOWS\WinSxS\amd64_microsoft.windows.common-controls_6595b64144ccf1df_6.0.16299.309_none_15cfd4c4935e6b11\COMCTL32.dll
0x00007ffb35480000 - 0x00007ffb35788000 	C:\WINDOWS\System32\combase.dll
0x00007ffb336c0000 - 0x00007ffb33732000 	C:\WINDOWS\System32\bcryptPrimitives.dll
0x00007ffb29660000 - 0x00007ffb2966a000 	C:\WINDOWS\SYSTEM32\VERSION.dll
0x00007ffb34e20000 - 0x00007ffb34e4d000 	C:\WINDOWS\System32\IMM32.DLL
0x00007ffb09dc0000 - 0x00007ffb09eaf000 	C:\Program Files\Java\jdk-9.0.1\bin\msvcr120.dll
0x00007ffb094f0000 - 0x00007ffb09596000 	C:\Program Files\Java\jdk-9.0.1\bin\msvcp120.dll
0x0000000074940000 - 0x0000000075364000 	C:\Program Files\Java\jdk-9.0.1\bin\server\jvm.dll
0x00007ffb37000000 - 0x00007ffb37008000 	C:\WINDOWS\System32\PSAPI.DLL
0x00007ffb320a0000 - 0x00007ffb320a9000 	C:\WINDOWS\SYSTEM32\WSOCK32.dll
0x00007ffb34660000 - 0x00007ffb346cc000 	C:\WINDOWS\System32\WS2_32.dll
0x00007ffb29970000 - 0x00007ffb29993000 	C:\WINDOWS\SYSTEM32\WINMM.dll
0x00007ffb297d0000 - 0x00007ffb297fa000 	C:\WINDOWS\SYSTEM32\WINMMBASE.dll
0x00007ffb34060000 - 0x00007ffb340aa000 	C:\WINDOWS\System32\cfgmgr32.dll
0x00007ffb2ea50000 - 0x00007ffb2ea5f000 	C:\Program Files\Java\jdk-9.0.1\bin\verify.dll
0x00007ffb15b00000 - 0x00007ffb15b27000 	C:\Program Files\Java\jdk-9.0.1\bin\java.dll
0x00007ffb0c770000 - 0x00007ffb0c7a6000 	C:\Program Files\Java\jdk-9.0.1\bin\jdwp.dll
0x00007ffb17ba0000 - 0x00007ffb17bb6000 	C:\Program Files\Java\jdk-9.0.1\bin\zip.dll
0x00007ffb1f3f0000 - 0x00007ffb1f3fa000 	C:\Program Files\Java\jdk-9.0.1\bin\jimage.dll
0x00007ffb358e0000 - 0x00007ffb36d16000 	C:\WINDOWS\System32\SHELL32.dll
0x00007ffb34fc0000 - 0x00007ffb35066000 	C:\WINDOWS\System32\shcore.dll
0x00007ffb33740000 - 0x00007ffb33e87000 	C:\WINDOWS\System32\windows.storage.dll
0x00007ffb35410000 - 0x00007ffb35461000 	C:\WINDOWS\System32\shlwapi.dll
0x00007ffb33440000 - 0x00007ffb33451000 	C:\WINDOWS\System32\kernel.appcore.dll
0x00007ffb333d0000 - 0x00007ffb3341c000 	C:\WINDOWS\System32\powrprof.dll
0x00007ffb33420000 - 0x00007ffb3343b000 	C:\WINDOWS\System32\profapi.dll
0x00007ffb16d40000 - 0x00007ffb16d5a000 	C:\Program Files\Java\jdk-9.0.1\bin\net.dll
0x00007ffb2c660000 - 0x00007ffb2c73e000 	C:\WINDOWS\SYSTEM32\WINHTTP.dll
0x00007ffb32c00000 - 0x00007ffb32c66000 	C:\WINDOWS\system32\mswsock.dll
0x00007ffb16b90000 - 0x00007ffb16ba1000 	C:\Program Files\Java\jdk-9.0.1\bin\nio.dll
0x00007ffb1eac0000 - 0x00007ffb1eaca000 	C:\Program Files\Java\jdk-9.0.1\bin\dt_socket.dll
0x00007ffb2dac0000 - 0x00007ffb2dc88000 	C:\WINDOWS\SYSTEM32\dbghelp.dll

VM Arguments:
jvm_args: -agentlib:jdwp=transport=dt_socket,address=127.0.0.1:62236,suspend=y,server=n -Dfile.encoding=UTF-8 
java_command: Q14503
java_class_path (initial): C:\Users\BitnaKim\IdeaProjects\NewCodingPractice\out\production\NewCodingPractice;C:\Program Files\JetBrains\IntelliJ IDEA Community Edition 2017.3.2\lib\idea_rt.jar
Launcher Type: SUN_STANDARD

Logging:
Log output configuration:
#0: stdout all=warning uptime,level,tags
#1: stderr all=off uptime,level,tags

Environment Variables:
JAVA_HOME=C:\Program Files\Java\jdk-9.0.1
CLASSPATH=%JAVA_HOME%\lib
PATH=C:\ProgramData\Oracle\Java\javapath;C:\WINDOWS\system32;C:\WINDOWS;C:\WINDOWS\System32\Wbem;C:\WINDOWS\System32\WindowsPowerShell\v1.0\;%JAVA_HOME%\bin;C:\Users\BitnaKim\AppData\Local\Microsoft\WindowsApps;
USERNAME=BitnaKim
OS=Windows_NT
PROCESSOR_IDENTIFIER=Intel64 Family 6 Model 61 Stepping 4, GenuineIntel



---------------  S Y S T E M  ---------------

OS: Windows 10 , 64 bit Build 16299 (10.0.16299.15)

CPU:total 4 (initial active 4) (2 cores per cpu, 2 threads per core) family 6 model 61 stepping 4, cmov, cx8, fxsr, mmx, sse, sse2, sse3, ssse3, sse4.1, sse4.2, popcnt, avx, avx2, aes, clmul, erms, 3dnowpref, lzcnt, ht, tsc, tscinvbit, bmi1, bmi2, adx, fma

Memory: 4k page, physical 8301908k(3157036k free), swap 12010392k(2218040k free)

vm_info: Java HotSpot(TM) 64-Bit Server VM (9.0.1+11) for windows-amd64 JRE (9.0.1+11), built on Sep 28 2017 04:54:03 by "mach5one" with MS VC++ 12.0 (VS2013)

END.
